0 info it worked if it ends with ok
1 verbose cli [ 'C:\\Program Files\\nodejs\\node.exe',
1 verbose cli   'C:\\Program Files\\nodejs\\node_modules\\npm\\bin\\npm-cli.js',
1 verbose cli   'run',
1 verbose cli   'test:db' ]
2 info using npm@3.10.10
3 info using node@v6.10.0
4 verbose run-script [ 'pretest:db', 'test:db', 'posttest:db' ]
5 info lifecycle more-recipe@1.0.0~pretest:db: more-recipe@1.0.0
6 silly lifecycle more-recipe@1.0.0~pretest:db: no script for pretest:db, continuing
7 info lifecycle more-recipe@1.0.0~test:db: more-recipe@1.0.0
8 verbose lifecycle more-recipe@1.0.0~test:db: unsafe-perm in lifecycle true
9 verbose lifecycle more-recipe@1.0.0~test:db: PATH: C:\Program Files\nodejs\node_modules\npm\bin\node-gyp-bin;C:\Users\iyke\projects\Andela\New folder\more\node_modules\.bin;C:\Python27\;C:\Python27\Scripts;C:\WINDOWS\system32;C:\WINDOWS;C:\WINDOWS\System32\Wbem;C:\WINDOWS\System32\WindowsPowerShell\v1.0\;C:\Program Files\nodejs\;C:\Program Files\Git\cmd;C:\Program Files\MongoDB\Server\3.4\bin;C:\Program Files\PostgreSQL\9.6\bin;C:\Program Files\PostgreSQL\9.6\lib;C:\Users\iyke\AppData\Roaming\npm;C:\Users\iyke\AppData\Local\.meteor\;C:\Users\iyke\AppData\Local\Microsoft\WindowsApps;C:\Program Files\MongoDB\Server\3.4;C:\Program Files\Microsoft VS Code\bin
10 verbose lifecycle more-recipe@1.0.0~test:db: CWD: C:\Users\iyke\projects\Andela\New folder\more
11 silly lifecycle more-recipe@1.0.0~test:db: Args: [ '/d /s /c',
11 silly lifecycle   'set NODE_ENV=test&&sequelize db:migrate:undo:all&&sequelize db:migrate && cross-env NODE_ENV=test nyc mocha server/test/test.js' ]
12 silly lifecycle more-recipe@1.0.0~test:db: Returned: code: 1  signal: null
13 info lifecycle more-recipe@1.0.0~test:db: Failed to exec test:db script
14 verbose stack Error: more-recipe@1.0.0 test:db: `set NODE_ENV=test&&sequelize db:migrate:undo:all&&sequelize db:migrate && cross-env NODE_ENV=test nyc mocha server/test/test.js`
14 verbose stack Exit status 1
14 verbose stack     at EventEmitter.<anonymous> (C:\Program Files\nodejs\node_modules\npm\lib\utils\lifecycle.js:255:16)
14 verbose stack     at emitTwo (events.js:106:13)
14 verbose stack     at EventEmitter.emit (events.js:191:7)
14 verbose stack     at ChildProcess.<anonymous> (C:\Program Files\nodejs\node_modules\npm\lib\utils\spawn.js:40:14)
14 verbose stack     at emitTwo (events.js:106:13)
14 verbose stack     at ChildProcess.emit (events.js:191:7)
14 verbose stack     at maybeClose (internal/child_process.js:877:16)
14 verbose stack     at Process.ChildProcess._handle.onexit (internal/child_process.js:226:5)
15 verbose pkgid more-recipe@1.0.0
16 verbose cwd C:\Users\iyke\projects\Andela\New folder\more
17 error Windows_NT 10.0.14393
18 error argv "C:\\Program Files\\nodejs\\node.exe" "C:\\Program Files\\nodejs\\node_modules\\npm\\bin\\npm-cli.js" "run" "test:db"
19 error node v6.10.0
20 error npm  v3.10.10
21 error code ELIFECYCLE
22 error more-recipe@1.0.0 test:db: `set NODE_ENV=test&&sequelize db:migrate:undo:all&&sequelize db:migrate && cross-env NODE_ENV=test nyc mocha server/test/test.js`
22 error Exit status 1
23 error Failed at the more-recipe@1.0.0 test:db script 'set NODE_ENV=test&&sequelize db:migrate:undo:all&&sequelize db:migrate && cross-env NODE_ENV=test nyc mocha server/test/test.js'.
23 error Make sure you have the latest version of node.js and npm installed.
23 error If you do, this is most likely a problem with the more-recipe package,
23 error not with npm itself.
23 error Tell the author that this fails on your system:
23 error     set NODE_ENV=test&&sequelize db:migrate:undo:all&&sequelize db:migrate && cross-env NODE_ENV=test nyc mocha server/test/test.js
23 error You can get information on how to open an issue for this project with:
23 error     npm bugs more-recipe
23 error Or if that isn't available, you can get their info via:
23 error     npm owner ls more-recipe
23 error There is likely additional logging output above.
24 verbose exit [ 1, true ]
